{"C:\\Users\\Оксана\\Projects\\todo-personal\\src\\vite-env.d.ts": {"path":"C:\\Users\\Оксана\\Projects\\todo-personal\\src\\vite-env.d.ts","statementMap":{},"fnMap":{},"branchMap":{},"s":{},"f":{},"b":{}}
,"C:\\Users\\Оксана\\Projects\\todo-personal\\src\\app\\App.tsx": {"path":"C:\\Users\\Оксана\\Projects\\todo-personal\\src\\app\\App.tsx","statementMap":{"0":{"start":{"line":4,"column":2},"end":{"line":4,"column":18}}},"fnMap":{"0":{"name":"App","decl":{"start":{"line":3,"column":9},"end":{"line":3,"column":12}},"loc":{"start":{"line":3,"column":15},"end":{"line":5,"column":1}},"line":3}},"branchMap":{},"s":{"0":1},"f":{"0":1},"b":{},"_coverageSchema":"1a1c01bbd47fc00a2c39e90264f33305004495a9","hash":"a8e9f17a3dd342e2b43c8911003a9360adef7b4e"}
,"C:\\Users\\Оксана\\Projects\\todo-personal\\src\\components\\Counter\\Counter.tsx": {"path":"C:\\Users\\Оксана\\Projects\\todo-personal\\src\\components\\Counter\\Counter.tsx","statementMap":{"0":{"start":{"line":6,"column":26},"end":{"line":15,"column":2}},"1":{"start":{"line":7,"column":4},"end":{"line":14,"column":6}}},"fnMap":{"0":{"name":"(anonymous_0)","decl":{"start":{"line":6,"column":35},"end":{"line":6,"column":36}},"loc":{"start":{"line":6,"column":41},"end":{"line":15,"column":1}},"line":6}},"branchMap":{},"s":{"0":1,"1":1},"f":{"0":1},"b":{},"_coverageSchema":"1a1c01bbd47fc00a2c39e90264f33305004495a9","hash":"5b31483aea6b89b8ee0e97cadabf3adee2711bd7"}
,"C:\\Users\\Оксана\\Projects\\todo-personal\\src\\components\\Filter\\Filter.tsx": {"path":"C:\\Users\\Оксана\\Projects\\todo-personal\\src\\components\\Filter\\Filter.tsx","statementMap":{"0":{"start":{"line":10,"column":15},"end":{"line":27,"column":1}},"1":{"start":{"line":11,"column":2},"end":{"line":26,"column":4}},"2":{"start":{"line":14,"column":8},"end":{"line":23,"column":13}},"3":{"start":{"line":17,"column":25},"end":{"line":17,"column":45}}},"fnMap":{"0":{"name":"(anonymous_0)","decl":{"start":{"line":10,"column":15},"end":{"line":10,"column":16}},"loc":{"start":{"line":10,"column":63},"end":{"line":27,"column":1}},"line":10},"1":{"name":"(anonymous_1)","decl":{"start":{"line":13,"column":27},"end":{"line":13,"column":28}},"loc":{"start":{"line":14,"column":8},"end":{"line":23,"column":13}},"line":14},"2":{"name":"(anonymous_2)","decl":{"start":{"line":17,"column":19},"end":{"line":17,"column":20}},"loc":{"start":{"line":17,"column":25},"end":{"line":17,"column":45}},"line":17}},"branchMap":{},"s":{"0":2,"1":6,"2":18,"3":1},"f":{"0":6,"1":18,"2":1},"b":{},"_coverageSchema":"1a1c01bbd47fc00a2c39e90264f33305004495a9","hash":"703f603ff66d03a85419935c246cd40ab0afa58b"}
,"C:\\Users\\Оксана\\Projects\\todo-personal\\src\\components\\Form\\Form.tsx": {"path":"C:\\Users\\Оксана\\Projects\\todo-personal\\src\\components\\Form\\Form.tsx","statementMap":{"0":{"start":{"line":16,"column":23},"end":{"line":46,"column":2}},"1":{"start":{"line":17,"column":18},"end":{"line":17,"column":60}},"2":{"start":{"line":18,"column":47},"end":{"line":29,"column":3}},"3":{"start":{"line":19,"column":4},"end":{"line":28,"column":5}},"4":{"start":{"line":20,"column":6},"end":{"line":23,"column":7}},"5":{"start":{"line":21,"column":8},"end":{"line":21,"column":72}},"6":{"start":{"line":22,"column":8},"end":{"line":22,"column":15}},"7":{"start":{"line":24,"column":6},"end":{"line":24,"column":37}},"8":{"start":{"line":25,"column":6},"end":{"line":25,"column":22}},"9":{"start":{"line":27,"column":6},"end":{"line":27,"column":21}},"10":{"start":{"line":31,"column":2},"end":{"line":45,"column":4}}},"fnMap":{"0":{"name":"(anonymous_0)","decl":{"start":{"line":16,"column":32},"end":{"line":16,"column":33}},"loc":{"start":{"line":16,"column":38},"end":{"line":46,"column":1}},"line":16},"1":{"name":"(anonymous_1)","decl":{"start":{"line":18,"column":47},"end":{"line":18,"column":48}},"loc":{"start":{"line":18,"column":63},"end":{"line":29,"column":3}},"line":18}},"branchMap":{"0":{"loc":{"start":{"line":20,"column":6},"end":{"line":23,"column":7}},"type":"if","locations":[{"start":{"line":20,"column":6},"end":{"line":23,"column":7}},{"start":{},"end":{}}],"line":20},"1":{"loc":{"start":{"line":39,"column":7},"end":{"line":43,"column":7}},"type":"binary-expr","locations":[{"start":{"line":39,"column":7},"end":{"line":39,"column":36}},{"start":{"line":40,"column":8},"end":{"line":42,"column":15}}],"line":39}},"s":{"0":2,"1":12,"2":12,"3":3,"4":3,"5":1,"6":1,"7":2,"8":1,"9":1,"10":12},"f":{"0":12,"1":3},"b":{"0":[1,2],"1":[12,3]},"_coverageSchema":"1a1c01bbd47fc00a2c39e90264f33305004495a9","hash":"4e36b0037d2ccc06e48a3152b8481deb5ee63043"}
,"C:\\Users\\Оксана\\Projects\\todo-personal\\src\\components\\Input\\Input.tsx": {"path":"C:\\Users\\Оксана\\Projects\\todo-personal\\src\\components\\Input\\Input.tsx","statementMap":{"0":{"start":{"line":12,"column":31},"end":{"line":28,"column":1}},"1":{"start":{"line":18,"column":23},"end":{"line":18,"column":39}},"2":{"start":{"line":19,"column":2},"end":{"line":27,"column":4}}},"fnMap":{"0":{"name":"(anonymous_0)","decl":{"start":{"line":12,"column":31},"end":{"line":12,"column":32}},"loc":{"start":{"line":17,"column":13},"end":{"line":28,"column":1}},"line":17}},"branchMap":{},"s":{"0":3,"1":14,"2":14},"f":{"0":14},"b":{},"_coverageSchema":"1a1c01bbd47fc00a2c39e90264f33305004495a9","hash":"0f9cec2f0c4b53f770aef3816fc4a6cd7ffd79dc"}
,"C:\\Users\\Оксана\\Projects\\todo-personal\\src\\components\\Loader\\Loader.tsx": {"path":"C:\\Users\\Оксана\\Projects\\todo-personal\\src\\components\\Loader\\Loader.tsx","statementMap":{"0":{"start":{"line":4,"column":25},"end":{"line":23,"column":1}},"1":{"start":{"line":5,"column":4},"end":{"line":22,"column":6}}},"fnMap":{"0":{"name":"(anonymous_0)","decl":{"start":{"line":4,"column":25},"end":{"line":4,"column":26}},"loc":{"start":{"line":4,"column":31},"end":{"line":23,"column":1}},"line":4}},"branchMap":{},"s":{"0":1,"1":1},"f":{"0":1},"b":{},"_coverageSchema":"1a1c01bbd47fc00a2c39e90264f33305004495a9","hash":"43d7c5a464d5bd817106cd8f8030e3d0b592401f"}
,"C:\\Users\\Оксана\\Projects\\todo-personal\\src\\components\\Main\\Main.tsx": {"path":"C:\\Users\\Оксана\\Projects\\todo-personal\\src\\components\\Main\\Main.tsx","statementMap":{"0":{"start":{"line":12,"column":23},"end":{"line":40,"column":2}},"1":{"start":{"line":13,"column":28},"end":{"line":13,"column":49}},"2":{"start":{"line":15,"column":4},"end":{"line":15,"column":25}},"3":{"start":{"line":17,"column":2},"end":{"line":39,"column":4}}},"fnMap":{"0":{"name":"(anonymous_0)","decl":{"start":{"line":12,"column":32},"end":{"line":12,"column":33}},"loc":{"start":{"line":12,"column":38},"end":{"line":40,"column":1}},"line":12}},"branchMap":{},"s":{"0":1,"1":2,"2":2,"3":2},"f":{"0":2},"b":{},"_coverageSchema":"1a1c01bbd47fc00a2c39e90264f33305004495a9","hash":"4a0b5d0c9f999177a11e784d95c7a33eb5ca62bb"}
,"C:\\Users\\Оксана\\Projects\\todo-personal\\src\\components\\Title\\Title.tsx": {"path":"C:\\Users\\Оксана\\Projects\\todo-personal\\src\\components\\Title\\Title.tsx","statementMap":{"0":{"start":{"line":7,"column":31},"end":{"line":9,"column":1}},"1":{"start":{"line":8,"column":2},"end":{"line":8,"column":54}}},"fnMap":{"0":{"name":"(anonymous_0)","decl":{"start":{"line":7,"column":31},"end":{"line":7,"column":32}},"loc":{"start":{"line":7,"column":56},"end":{"line":9,"column":1}},"line":7}},"branchMap":{},"s":{"0":2,"1":4},"f":{"0":4},"b":{},"_coverageSchema":"1a1c01bbd47fc00a2c39e90264f33305004495a9","hash":"d3846868cf56b47f7bd83df827092c0198a34593"}
,"C:\\Users\\Оксана\\Projects\\todo-personal\\src\\components\\ToDoItem\\ToDoItem.tsx": {"path":"C:\\Users\\Оксана\\Projects\\todo-personal\\src\\components\\ToDoItem\\ToDoItem.tsx","statementMap":{"0":{"start":{"line":15,"column":17},"end":{"line":40,"column":2}},"1":{"start":{"line":16,"column":2},"end":{"line":39,"column":4}},"2":{"start":{"line":24,"column":26},"end":{"line":24,"column":54}},"3":{"start":{"line":35,"column":55},"end":{"line":35,"column":76}}},"fnMap":{"0":{"name":"(anonymous_0)","decl":{"start":{"line":15,"column":26},"end":{"line":15,"column":27}},"loc":{"start":{"line":15,"column":51},"end":{"line":40,"column":1}},"line":15},"1":{"name":"(anonymous_1)","decl":{"start":{"line":24,"column":20},"end":{"line":24,"column":21}},"loc":{"start":{"line":24,"column":26},"end":{"line":24,"column":54}},"line":24},"2":{"name":"(anonymous_2)","decl":{"start":{"line":35,"column":49},"end":{"line":35,"column":50}},"loc":{"start":{"line":35,"column":55},"end":{"line":35,"column":76}},"line":35}},"branchMap":{},"s":{"0":2,"1":5,"2":1,"3":1},"f":{"0":5,"1":1,"2":1},"b":{},"_coverageSchema":"1a1c01bbd47fc00a2c39e90264f33305004495a9","hash":"6c5103337037449fe108430fab5307133330d23d"}
,"C:\\Users\\Оксана\\Projects\\todo-personal\\src\\components\\ToDoList\\ToDoList.tsx": {"path":"C:\\Users\\Оксана\\Projects\\todo-personal\\src\\components\\ToDoList\\ToDoList.tsx","statementMap":{"0":{"start":{"line":16,"column":34},"end":{"line":29,"column":1}},"1":{"start":{"line":18,"column":4},"end":{"line":27,"column":6}},"2":{"start":{"line":24,"column":12},"end":{"line":24,"column":58}}},"fnMap":{"0":{"name":"(anonymous_0)","decl":{"start":{"line":17,"column":2},"end":{"line":17,"column":3}},"loc":{"start":{"line":17,"column":57},"end":{"line":28,"column":3}},"line":17},"1":{"name":"(anonymous_1)","decl":{"start":{"line":23,"column":52},"end":{"line":23,"column":53}},"loc":{"start":{"line":23,"column":62},"end":{"line":25,"column":11}},"line":23}},"branchMap":{"0":{"loc":{"start":{"line":20,"column":9},"end":{"line":20,"column":43}},"type":"binary-expr","locations":[{"start":{"line":20,"column":9},"end":{"line":20,"column":29}},{"start":{"line":20,"column":33},"end":{"line":20,"column":43}}],"line":20},"1":{"loc":{"start":{"line":21,"column":9},"end":{"line":21,"column":71}},"type":"binary-expr","locations":[{"start":{"line":21,"column":9},"end":{"line":21,"column":28}},{"start":{"line":21,"column":32},"end":{"line":21,"column":71}}],"line":21},"2":{"loc":{"start":{"line":22,"column":9},"end":{"line":25,"column":12}},"type":"binary-expr","locations":[{"start":{"line":22,"column":9},"end":{"line":22,"column":29}},{"start":{"line":23,"column":10},"end":{"line":25,"column":12}}],"line":22}},"s":{"0":2,"1":6,"2":4},"f":{"0":6,"1":4},"b":{"0":[6,2],"1":[6,1],"2":[6,2]},"_coverageSchema":"1a1c01bbd47fc00a2c39e90264f33305004495a9","hash":"4021db6b807953bf9b6e23d787b3e4277e250805"}
,"C:\\Users\\Оксана\\Projects\\todo-personal\\src\\components\\Wrapper\\Wrapper.tsx": {"path":"C:\\Users\\Оксана\\Projects\\todo-personal\\src\\components\\Wrapper\\Wrapper.tsx","statementMap":{"0":{"start":{"line":3,"column":27},"end":{"line":5,"column":1}},"1":{"start":{"line":4,"column":2},"end":{"line":4,"column":62}},"2":{"start":{"line":7,"column":30},"end":{"line":9,"column":1}},"3":{"start":{"line":8,"column":2},"end":{"line":8,"column":65}},"4":{"start":{"line":11,"column":29},"end":{"line":13,"column":1}},"5":{"start":{"line":12,"column":2},"end":{"line":12,"column":64}}},"fnMap":{"0":{"name":"(anonymous_0)","decl":{"start":{"line":3,"column":27},"end":{"line":3,"column":28}},"loc":{"start":{"line":3,"column":76},"end":{"line":5,"column":1}},"line":3},"1":{"name":"(anonymous_1)","decl":{"start":{"line":7,"column":30},"end":{"line":7,"column":31}},"loc":{"start":{"line":7,"column":79},"end":{"line":9,"column":1}},"line":7},"2":{"name":"(anonymous_2)","decl":{"start":{"line":11,"column":29},"end":{"line":11,"column":30}},"loc":{"start":{"line":11,"column":78},"end":{"line":13,"column":1}},"line":11}},"branchMap":{},"s":{"0":1,"1":2,"2":1,"3":2,"4":1,"5":2},"f":{"0":2,"1":2,"2":2},"b":{},"_coverageSchema":"1a1c01bbd47fc00a2c39e90264f33305004495a9","hash":"b634121f0a59c996a21c43a21054d7dc5860f013"}
,"C:\\Users\\Оксана\\Projects\\todo-personal\\src\\hooks\\useFetchCurrentData.tsx": {"path":"C:\\Users\\Оксана\\Projects\\todo-personal\\src\\hooks\\useFetchCurrentData.tsx","statementMap":{"0":{"start":{"line":6,"column":35},"end":{"line":27,"column":1}},"1":{"start":{"line":7,"column":30},"end":{"line":7,"column":50}},"2":{"start":{"line":8,"column":28},"end":{"line":8,"column":57}},"3":{"start":{"line":10,"column":19},"end":{"line":20,"column":3}},"4":{"start":{"line":11,"column":4},"end":{"line":11,"column":23}},"5":{"start":{"line":12,"column":4},"end":{"line":19,"column":5}},"6":{"start":{"line":13,"column":19},"end":{"line":13,"column":36}},"7":{"start":{"line":14,"column":6},"end":{"line":14,"column":29}},"8":{"start":{"line":15,"column":6},"end":{"line":15,"column":25}},"9":{"start":{"line":17,"column":6},"end":{"line":17,"column":24}},"10":{"start":{"line":18,"column":6},"end":{"line":18,"column":30}},"11":{"start":{"line":22,"column":2},"end":{"line":24,"column":9}},"12":{"start":{"line":23,"column":4},"end":{"line":23,"column":15}},"13":{"start":{"line":26,"column":2},"end":{"line":26,"column":37}}},"fnMap":{"0":{"name":"(anonymous_0)","decl":{"start":{"line":6,"column":35},"end":{"line":6,"column":36}},"loc":{"start":{"line":6,"column":41},"end":{"line":27,"column":1}},"line":6},"1":{"name":"(anonymous_1)","decl":{"start":{"line":10,"column":19},"end":{"line":10,"column":20}},"loc":{"start":{"line":10,"column":46},"end":{"line":20,"column":3}},"line":10},"2":{"name":"(anonymous_2)","decl":{"start":{"line":22,"column":12},"end":{"line":22,"column":13}},"loc":{"start":{"line":22,"column":18},"end":{"line":24,"column":3}},"line":22}},"branchMap":{},"s":{"0":2,"1":15,"2":15,"3":15,"4":6,"5":6,"6":6,"7":3,"8":3,"9":1,"10":1,"11":15,"12":5,"13":15},"f":{"0":15,"1":6,"2":5},"b":{},"_coverageSchema":"1a1c01bbd47fc00a2c39e90264f33305004495a9","hash":"ad0c655b281cc09cbbaa5c217ed12c15d4f20fdb"}
,"C:\\Users\\Оксана\\Projects\\todo-personal\\src\\hooks\\useFilterByComplite.tsx": {"path":"C:\\Users\\Оксана\\Projects\\todo-personal\\src\\hooks\\useFilterByComplite.tsx","statementMap":{"0":{"start":{"line":5,"column":35},"end":{"line":30,"column":1}},"1":{"start":{"line":6,"column":44},"end":{"line":6,"column":70}},"2":{"start":{"line":8,"column":29},"end":{"line":10,"column":3}},"3":{"start":{"line":9,"column":4},"end":{"line":9,"column":29}},"4":{"start":{"line":13,"column":4},"end":{"line":22,"column":5}},"5":{"start":{"line":15,"column":8},"end":{"line":15,"column":21}},"6":{"start":{"line":17,"column":8},"end":{"line":17,"column":55}},"7":{"start":{"line":17,"column":38},"end":{"line":17,"column":53}},"8":{"start":{"line":19,"column":8},"end":{"line":19,"column":54}},"9":{"start":{"line":19,"column":38},"end":{"line":19,"column":52}},"10":{"start":{"line":21,"column":8},"end":{"line":21,"column":21}},"11":{"start":{"line":25,"column":2},"end":{"line":29,"column":4}}},"fnMap":{"0":{"name":"(anonymous_0)","decl":{"start":{"line":5,"column":35},"end":{"line":5,"column":36}},"loc":{"start":{"line":5,"column":41},"end":{"line":30,"column":1}},"line":5},"1":{"name":"(anonymous_1)","decl":{"start":{"line":8,"column":29},"end":{"line":8,"column":30}},"loc":{"start":{"line":8,"column":49},"end":{"line":10,"column":3}},"line":8},"2":{"name":"filterToDo","decl":{"start":{"line":12,"column":11},"end":{"line":12,"column":21}},"loc":{"start":{"line":12,"column":61},"end":{"line":23,"column":3}},"line":12},"3":{"name":"(anonymous_3)","decl":{"start":{"line":17,"column":28},"end":{"line":17,"column":29}},"loc":{"start":{"line":17,"column":38},"end":{"line":17,"column":53}},"line":17},"4":{"name":"(anonymous_4)","decl":{"start":{"line":19,"column":28},"end":{"line":19,"column":29}},"loc":{"start":{"line":19,"column":38},"end":{"line":19,"column":52}},"line":19}},"branchMap":{"0":{"loc":{"start":{"line":13,"column":4},"end":{"line":22,"column":5}},"type":"switch","locations":[{"start":{"line":14,"column":6},"end":{"line":15,"column":21}},{"start":{"line":16,"column":6},"end":{"line":17,"column":55}},{"start":{"line":18,"column":6},"end":{"line":19,"column":54}},{"start":{"line":20,"column":6},"end":{"line":21,"column":21}}],"line":13}},"s":{"0":2,"1":9,"2":9,"3":2,"4":4,"5":1,"6":1,"7":4,"8":1,"9":4,"10":1,"11":9},"f":{"0":9,"1":2,"2":4,"3":4,"4":4},"b":{"0":[1,1,1,1]},"_coverageSchema":"1a1c01bbd47fc00a2c39e90264f33305004495a9","hash":"c2b3f01dffd16e37017e7a4a75ec5c59a74d1919"}
,"C:\\Users\\Оксана\\Projects\\todo-personal\\src\\store\\todoStore.ts": {"path":"C:\\Users\\Оксана\\Projects\\todo-personal\\src\\store\\todoStore.ts","statementMap":{"0":{"start":{"line":12,"column":19},"end":{"line":12,"column":21}},"1":{"start":{"line":15,"column":4},"end":{"line":23,"column":7}},"2":{"start":{"line":26,"column":4},"end":{"line":26,"column":22}},"3":{"start":{"line":29,"column":4},"end":{"line":33,"column":7}},"4":{"start":{"line":37,"column":4},"end":{"line":37,"column":62}},"5":{"start":{"line":37,"column":39},"end":{"line":37,"column":53}},"6":{"start":{"line":41,"column":4},"end":{"line":41,"column":29}},"7":{"start":{"line":45,"column":4},"end":{"line":45,"column":61}},"8":{"start":{"line":45,"column":45},"end":{"line":45,"column":59}},"9":{"start":{"line":49,"column":4},"end":{"line":51,"column":6}},"10":{"start":{"line":50,"column":6},"end":{"line":50,"column":69}}},"fnMap":{"0":{"name":"(anonymous_0)","decl":{"start":{"line":14,"column":2},"end":{"line":14,"column":3}},"loc":{"start":{"line":14,"column":16},"end":{"line":24,"column":3}},"line":14},"1":{"name":"(anonymous_1)","decl":{"start":{"line":25,"column":2},"end":{"line":25,"column":3}},"loc":{"start":{"line":25,"column":28},"end":{"line":27,"column":3}},"line":25},"2":{"name":"(anonymous_2)","decl":{"start":{"line":28,"column":2},"end":{"line":28,"column":3}},"loc":{"start":{"line":28,"column":24},"end":{"line":34,"column":3}},"line":28},"3":{"name":"(anonymous_3)","decl":{"start":{"line":36,"column":2},"end":{"line":36,"column":3}},"loc":{"start":{"line":36,"column":28},"end":{"line":38,"column":3}},"line":36},"4":{"name":"(anonymous_4)","decl":{"start":{"line":37,"column":29},"end":{"line":37,"column":30}},"loc":{"start":{"line":37,"column":39},"end":{"line":37,"column":53}},"line":37},"5":{"name":"(anonymous_5)","decl":{"start":{"line":40,"column":2},"end":{"line":40,"column":3}},"loc":{"start":{"line":40,"column":24},"end":{"line":42,"column":3}},"line":40},"6":{"name":"(anonymous_6)","decl":{"start":{"line":44,"column":2},"end":{"line":44,"column":3}},"loc":{"start":{"line":44,"column":30},"end":{"line":46,"column":3}},"line":44},"7":{"name":"(anonymous_7)","decl":{"start":{"line":45,"column":35},"end":{"line":45,"column":36}},"loc":{"start":{"line":45,"column":45},"end":{"line":45,"column":59}},"line":45},"8":{"name":"(anonymous_8)","decl":{"start":{"line":48,"column":2},"end":{"line":48,"column":3}},"loc":{"start":{"line":48,"column":37},"end":{"line":52,"column":3}},"line":48},"9":{"name":"(anonymous_9)","decl":{"start":{"line":49,"column":32},"end":{"line":49,"column":33}},"loc":{"start":{"line":50,"column":6},"end":{"line":50,"column":69}},"line":50}},"branchMap":{"0":{"loc":{"start":{"line":50,"column":6},"end":{"line":50,"column":69}},"type":"cond-expr","locations":[{"start":{"line":50,"column":23},"end":{"line":50,"column":62}},{"start":{"line":50,"column":65},"end":{"line":50,"column":69}}],"line":50}},"s":{"0":11,"1":11,"2":2,"3":1,"4":2,"5":2,"6":2,"7":2,"8":2,"9":2,"10":2},"f":{"0":11,"1":2,"2":1,"3":2,"4":2,"5":2,"6":2,"7":2,"8":2,"9":2},"b":{"0":[2,0]},"_coverageSchema":"1a1c01bbd47fc00a2c39e90264f33305004495a9","hash":"304b9887d9cbedaed157922f50018109987c59fe"}
,"C:\\Users\\Оксана\\Projects\\todo-personal\\src\\utils\\constants.ts": {"path":"C:\\Users\\Оксана\\Projects\\todo-personal\\src\\utils\\constants.ts","statementMap":{"0":{"start":{"line":1,"column":24},"end":{"line":1,"column":29}},"1":{"start":{"line":2,"column":30},"end":{"line":2,"column":41}},"2":{"start":{"line":3,"column":27},"end":{"line":3,"column":35}},"3":{"start":{"line":4,"column":23},"end":{"line":4,"column":32}},"4":{"start":{"line":5,"column":22},"end":{"line":5,"column":30}},"5":{"start":{"line":6,"column":23},"end":{"line":6,"column":32}},"6":{"start":{"line":7,"column":31},"end":{"line":7,"column":61}}},"fnMap":{},"branchMap":{},"s":{"0":4,"1":4,"2":4,"3":4,"4":4,"5":4,"6":4},"f":{},"b":{},"_coverageSchema":"1a1c01bbd47fc00a2c39e90264f33305004495a9","hash":"5f45486934cbfa2382eeeaade27a0ea82848eb3d"}
,"C:\\Users\\Оксана\\Projects\\todo-personal\\src\\utils\\schema.ts": {"path":"C:\\Users\\Оксана\\Projects\\todo-personal\\src\\utils\\schema.ts","statementMap":{"0":{"start":{"line":3,"column":22},"end":{"line":8,"column":2}}},"fnMap":{},"branchMap":{},"s":{"0":2},"f":{},"b":{},"_coverageSchema":"1a1c01bbd47fc00a2c39e90264f33305004495a9","hash":"01d5d674e8be163de500cc811facb6d918473310"}
}
