TN:
SF:src\vite-env.d.ts
FNF:0
FNH:0
LF:0
LH:0
BRF:0
BRH:0
end_of_record
TN:
SF:src\app\App.tsx
FN:3,App
FNF:1
FNH:1
FNDA:1,App
DA:4,1
LF:1
LH:1
BRF:0
BRH:0
end_of_record
TN:
SF:src\components\Counter\Counter.tsx
FN:6,(anonymous_0)
FNF:1
FNH:1
FNDA:1,(anonymous_0)
DA:6,1
DA:7,1
LF:2
LH:2
BRF:0
BRH:0
end_of_record
TN:
SF:src\components\Filter\Filter.tsx
FN:10,(anonymous_0)
FN:13,(anonymous_1)
FN:17,(anonymous_2)
FNF:3
FNH:3
FNDA:6,(anonymous_0)
FNDA:18,(anonymous_1)
FNDA:1,(anonymous_2)
DA:10,2
DA:11,6
DA:14,18
DA:17,1
LF:4
LH:4
BRF:0
BRH:0
end_of_record
TN:
SF:src\components\Form\Form.tsx
FN:16,(anonymous_0)
FN:18,(anonymous_1)
FNF:2
FNH:2
FNDA:12,(anonymous_0)
FNDA:3,(anonymous_1)
DA:16,2
DA:17,12
DA:18,12
DA:19,3
DA:20,3
DA:21,1
DA:22,1
DA:24,2
DA:25,1
DA:27,1
DA:31,12
LF:11
LH:11
BRDA:20,0,0,1
BRDA:20,0,1,2
BRDA:39,1,0,12
BRDA:39,1,1,3
BRF:4
BRH:4
end_of_record
TN:
SF:src\components\Input\Input.tsx
FN:12,(anonymous_0)
FNF:1
FNH:1
FNDA:14,(anonymous_0)
DA:12,3
DA:18,14
DA:19,14
LF:3
LH:3
BRF:0
BRH:0
end_of_record
TN:
SF:src\components\Loader\Loader.tsx
FN:4,(anonymous_0)
FNF:1
FNH:1
FNDA:1,(anonymous_0)
DA:4,1
DA:5,1
LF:2
LH:2
BRF:0
BRH:0
end_of_record
TN:
SF:src\components\Main\Main.tsx
FN:12,(anonymous_0)
FNF:1
FNH:1
FNDA:2,(anonymous_0)
DA:12,1
DA:13,2
DA:15,2
DA:17,2
LF:4
LH:4
BRF:0
BRH:0
end_of_record
TN:
SF:src\components\Title\Title.tsx
FN:7,(anonymous_0)
FNF:1
FNH:1
FNDA:4,(anonymous_0)
DA:7,2
DA:8,4
LF:2
LH:2
BRF:0
BRH:0
end_of_record
TN:
SF:src\components\ToDoItem\ToDoItem.tsx
FN:15,(anonymous_0)
FN:24,(anonymous_1)
FN:35,(anonymous_2)
FNF:3
FNH:3
FNDA:5,(anonymous_0)
FNDA:1,(anonymous_1)
FNDA:1,(anonymous_2)
DA:15,2
DA:16,5
DA:24,1
DA:35,1
LF:4
LH:4
BRF:0
BRH:0
end_of_record
TN:
SF:src\components\ToDoList\ToDoList.tsx
FN:17,(anonymous_0)
FN:23,(anonymous_1)
FNF:2
FNH:2
FNDA:6,(anonymous_0)
FNDA:4,(anonymous_1)
DA:16,2
DA:18,6
DA:24,4
LF:3
LH:3
BRDA:20,0,0,6
BRDA:20,0,1,2
BRDA:21,1,0,6
BRDA:21,1,1,1
BRDA:22,2,0,6
BRDA:22,2,1,2
BRF:6
BRH:6
end_of_record
TN:
SF:src\components\Wrapper\Wrapper.tsx
FN:3,(anonymous_0)
FN:7,(anonymous_1)
FN:11,(anonymous_2)
FNF:3
FNH:3
FNDA:2,(anonymous_0)
FNDA:2,(anonymous_1)
FNDA:2,(anonymous_2)
DA:3,1
DA:4,2
DA:7,1
DA:8,2
DA:11,1
DA:12,2
LF:6
LH:6
BRF:0
BRH:0
end_of_record
TN:
SF:src\hooks\useFetchCurrentData.tsx
FN:6,(anonymous_0)
FN:10,(anonymous_1)
FN:22,(anonymous_2)
FNF:3
FNH:3
FNDA:15,(anonymous_0)
FNDA:6,(anonymous_1)
FNDA:5,(anonymous_2)
DA:6,2
DA:7,15
DA:8,15
DA:10,15
DA:11,6
DA:12,6
DA:13,6
DA:14,3
DA:15,3
DA:17,1
DA:18,1
DA:22,15
DA:23,5
DA:26,15
LF:14
LH:14
BRF:0
BRH:0
end_of_record
TN:
SF:src\hooks\useFilterByComplite.tsx
FN:5,(anonymous_0)
FN:8,(anonymous_1)
FN:12,filterToDo
FN:17,(anonymous_3)
FN:19,(anonymous_4)
FNF:5
FNH:5
FNDA:9,(anonymous_0)
FNDA:2,(anonymous_1)
FNDA:4,filterToDo
FNDA:4,(anonymous_3)
FNDA:4,(anonymous_4)
DA:5,2
DA:6,9
DA:8,9
DA:9,2
DA:13,4
DA:15,1
DA:17,4
DA:19,4
DA:21,1
DA:25,9
LF:10
LH:10
BRDA:13,0,0,1
BRDA:13,0,1,1
BRDA:13,0,2,1
BRDA:13,0,3,1
BRF:4
BRH:4
end_of_record
TN:
SF:src\store\todoStore.ts
FN:14,(anonymous_0)
FN:25,(anonymous_1)
FN:28,(anonymous_2)
FN:36,(anonymous_3)
FN:37,(anonymous_4)
FN:40,(anonymous_5)
FN:44,(anonymous_6)
FN:45,(anonymous_7)
FN:48,(anonymous_8)
FN:49,(anonymous_9)
FNF:10
FNH:10
FNDA:11,(anonymous_0)
FNDA:2,(anonymous_1)
FNDA:1,(anonymous_2)
FNDA:2,(anonymous_3)
FNDA:2,(anonymous_4)
FNDA:2,(anonymous_5)
FNDA:2,(anonymous_6)
FNDA:2,(anonymous_7)
FNDA:2,(anonymous_8)
FNDA:2,(anonymous_9)
DA:12,11
DA:15,11
DA:26,2
DA:29,1
DA:37,2
DA:41,2
DA:45,2
DA:49,2
DA:50,2
LF:9
LH:9
BRDA:50,0,0,2
BRDA:50,0,1,0
BRF:2
BRH:1
end_of_record
TN:
SF:src\utils\constants.ts
FNF:0
FNH:0
DA:1,4
DA:2,4
DA:3,4
DA:4,4
DA:5,4
DA:6,4
DA:7,4
LF:7
LH:7
BRF:0
BRH:0
end_of_record
TN:
SF:src\utils\schema.ts
FNF:0
FNH:0
DA:3,2
LF:1
LH:1
BRF:0
BRH:0
end_of_record
